<?xml version="1.0" encoding="UTF-8"?>
<!-- Generated by org.testng.reporters.JUnitXMLReporter -->
<testsuite ignored="1" hostname="DESKTOP-35CFFOK" failures="1" tests="3" name="VerifyLink" time="11.628" errors="0" timestamp="2024-03-03T18:02:18 IST">
  <testcase classname="testCases.Action_T" name="RadioVutton_4" time="0.013"/>
  <testcase classname="testCases.Action_T" name="RadioVutton_3" time="0.015">
    <failure type="java.lang.AssertionError" message="expected [true] but found [false]">
      <![CDATA[java.lang.AssertionError: expected [true] but found [false]
at testCases.Action_T.RadioVutton_3(Action_T.java:27)
at java.base/java.util.concurrent.Executors$RunnableAdapter.call(Executors.java:539)
at java.base/java.util.concurrent.FutureTask.run(FutureTask.java:264)
at java.base/java.util.concurrent.ThreadPoolExecutor.runWorker(ThreadPoolExecutor.java:1136)
at java.base/java.util.concurrent.ThreadPoolExecutor$Worker.run(ThreadPoolExecutor.java:635)
at java.base/java.lang.Thread.run(Thread.java:840)
... Removed 17 stack frames]]>
    </failure>
  </testcase> <!-- RadioVutton_3 -->
  <testcase classname="testCases.Action_T" name="RadioVutton_1" time="0.003"/>
  <testcase classname="testCases.Action_T" name="RadioVutton_2" time="0.0">
    <ignored/>
  </testcase> <!-- RadioVutton_2 -->
</testsuite> <!-- VerifyLink -->
