<?xml version="1.0" encoding="UTF-8"?>
<testng-results ignored="0" total="3" passed="2" failed="1" skipped="0">
  <reporter-output>
  </reporter-output>
  <suite started-at="2024-03-03T18:02:07 IST" name="Regression" finished-at="2024-03-03T18:02:18 IST" duration-ms="11628">
    <groups>
      <group name="Regression">
        <method signature="Action_T.RadioVutton_1()[pri:0, instance:testCases.Action_T@291f18]" name="RadioVutton_1" class="testCases.Action_T"/>
        <method signature="Action_T.RadioVutton_3()[pri:0, instance:testCases.Action_T@291f18]" name="RadioVutton_3" class="testCases.Action_T"/>
        <method signature="Action_T.RadioVutton_4()[pri:0, instance:testCases.Action_T@291f18]" name="RadioVutton_4" class="testCases.Action_T"/>
      </group> <!-- Regression -->
    </groups>
    <test started-at="2024-03-03T18:02:07 IST" name="VerifyLink" finished-at="2024-03-03T18:02:18 IST" duration-ms="11628">
      <class name="testCases.Action_T">
        <test-method is-config="true" signature="launchBroswe(java.lang.String)[pri:0, instance:testCases.Action_T@291f18]" started-at="2024-03-03T18:02:07 IST" name="launchBroswe" finished-at="2024-03-03T18:02:10 IST" duration-ms="3424" status="PASS">
          <params>
            <param index="0">
              <value>
                <![CDATA[chrome]]>
              </value>
            </param>
          </params>
          <reporter-output>
          </reporter-output>
        </test-method> <!-- launchBroswe -->
        <test-method is-config="true" signature="launchBroswe(java.lang.String)[pri:0, instance:testCases.Action_T@291f18]" started-at="2024-03-03T18:02:07 IST" name="launchBroswe" finished-at="2024-03-03T18:02:16 IST" duration-ms="9173" status="PASS">
          <params>
            <param index="0">
              <value>
                <![CDATA[chrome]]>
              </value>
            </param>
          </params>
          <reporter-output>
          </reporter-output>
        </test-method> <!-- launchBroswe -->
        <test-method is-config="true" signature="launchBroswe(java.lang.String)[pri:0, instance:testCases.Action_T@291f18]" started-at="2024-03-03T18:02:07 IST" name="launchBroswe" finished-at="2024-03-03T18:02:16 IST" duration-ms="9471" status="PASS">
          <params>
            <param index="0">
              <value>
                <![CDATA[chrome]]>
              </value>
            </param>
          </params>
          <reporter-output>
          </reporter-output>
        </test-method> <!-- launchBroswe -->
        <test-method signature="RadioVutton_4()[pri:0, instance:testCases.Action_T@291f18]" started-at="2024-03-03T18:02:10 IST" name="RadioVutton_4" finished-at="2024-03-03T18:02:10 IST" duration-ms="13" status="PASS">
          <reporter-output>
          </reporter-output>
        </test-method> <!-- RadioVutton_4 -->
        <test-method is-config="true" signature="teardown()[pri:0, instance:testCases.Action_T@291f18]" started-at="2024-03-03T18:02:10 IST" name="teardown" finished-at="2024-03-03T18:02:13 IST" duration-ms="2626" status="PASS">
          <reporter-output>
          </reporter-output>
        </test-method> <!-- teardown -->
        <test-method signature="RadioVutton_3()[pri:0, instance:testCases.Action_T@291f18]" started-at="2024-03-03T18:02:16 IST" name="RadioVutton_3" finished-at="2024-03-03T18:02:16 IST" duration-ms="15" status="FAIL">
          <exception class="java.lang.AssertionError">
            <message>
              <![CDATA[expected [true] but found [false]]]>
            </message>
            <full-stacktrace>
              <![CDATA[java.lang.AssertionError: expected [true] but found [false]
at org.testng.Assert.fail(Assert.java:111)
at org.testng.Assert.failNotEquals(Assert.java:1578)
at org.testng.Assert.assertTrue(Assert.java:57)
at org.testng.Assert.assertTrue(Assert.java:67)
at testCases.Action_T.RadioVutton_3(Action_T.java:27)
at java.base/jdk.internal.reflect.NativeMethodAccessorImpl.invoke0(Native Method)
at java.base/jdk.internal.reflect.NativeMethodAccessorImpl.invoke(NativeMethodAccessorImpl.java:77)
at java.base/jdk.internal.reflect.DelegatingMethodAccessorImpl.invoke(DelegatingMethodAccessorImpl.java:43)
at java.base/java.lang.reflect.Method.invoke(Method.java:568)
at org.testng.internal.invokers.MethodInvocationHelper.invokeMethod(MethodInvocationHelper.java:139)
at org.testng.internal.invokers.TestInvoker.invokeMethod(TestInvoker.java:664)
at org.testng.internal.invokers.TestInvoker.invokeTestMethod(TestInvoker.java:228)
at org.testng.internal.invokers.MethodRunner.runInSequence(MethodRunner.java:63)
at org.testng.internal.invokers.TestInvoker$MethodInvocationAgent.invoke(TestInvoker.java:961)
at org.testng.internal.invokers.TestInvoker.invokeTestMethods(TestInvoker.java:201)
at org.testng.internal.invokers.TestMethodWorker.invokeTestMethods(TestMethodWorker.java:148)
at org.testng.internal.invokers.TestMethodWorker.run(TestMethodWorker.java:128)
at java.base/java.util.concurrent.Executors$RunnableAdapter.call(Executors.java:539)
at java.base/java.util.concurrent.FutureTask.run(FutureTask.java:264)
at org.testng.internal.thread.graph.TestNGFutureTask.run(TestNGFutureTask.java:22)
at java.base/java.util.concurrent.ThreadPoolExecutor.runWorker(ThreadPoolExecutor.java:1136)
at java.base/java.util.concurrent.ThreadPoolExecutor$Worker.run(ThreadPoolExecutor.java:635)
at java.base/java.lang.Thread.run(Thread.java:840)
]]>
            </full-stacktrace>
          </exception> <!-- java.lang.AssertionError -->
          <reporter-output>
          </reporter-output>
        </test-method> <!-- RadioVutton_3 -->
        <test-method is-config="true" signature="teardown()[pri:0, instance:testCases.Action_T@291f18]" started-at="2024-03-03T18:02:16 IST" name="teardown" finished-at="2024-03-03T18:02:18 IST" duration-ms="2200" status="PASS">
          <reporter-output>
          </reporter-output>
        </test-method> <!-- teardown -->
        <test-method signature="RadioVutton_1()[pri:0, instance:testCases.Action_T@291f18]" started-at="2024-03-03T18:02:16 IST" name="RadioVutton_1" finished-at="2024-03-03T18:02:16 IST" duration-ms="3" status="PASS">
          <reporter-output>
          </reporter-output>
        </test-method> <!-- RadioVutton_1 -->
        <test-method is-config="true" signature="teardown()[pri:0, instance:testCases.Action_T@291f18]" started-at="2024-03-03T18:02:16 IST" name="teardown" finished-at="2024-03-03T18:02:18 IST" duration-ms="2117" status="PASS">
          <reporter-output>
          </reporter-output>
        </test-method> <!-- teardown -->
      </class> <!-- testCases.Action_T -->
    </test> <!-- VerifyLink -->
  </suite> <!-- Regression -->
</testng-results>
